[debug] [2025-02-09T15:32:51.254Z] ----------------------------------------------------------------------
[debug] [2025-02-09T15:32:51.257Z] Command:       D:\nodejs\node.exe C:\Users\DEEPAYAN\AppData\Roaming\npm\node_modules\firebase-tools\lib\bin\firebase.js init
[debug] [2025-02-09T15:32:51.258Z] CLI Version:   13.30.0
[debug] [2025-02-09T15:32:51.258Z] Platform:      win32
[debug] [2025-02-09T15:32:51.259Z] Node Version:  v22.13.0
[debug] [2025-02-09T15:32:51.259Z] Time:          Sun Feb 09 2025 07:32:51 GMT-0800 (Pacific Standard Time)
[debug] [2025-02-09T15:32:51.259Z] ----------------------------------------------------------------------
[debug] 
[debug] [2025-02-09T15:32:51.269Z] > command requires scopes: ["email","openid","https://www.googleapis.com/auth/cloudplatformprojects.readonly","https://www.googleapis.com/auth/firebase","https://www.googleapis.com/auth/cloud-platform"]
[debug] [2025-02-09T15:32:51.270Z] > authorizing via signed-in user (connectu.contactus@gmail.com)
[info] 
     ######## #### ########  ######## ########     ###     ######  ########
     ##        ##  ##     ## ##       ##     ##  ##   ##  ##       ##
     ######    ##  ########  ######   ########  #########  ######  ######
     ##        ##  ##    ##  ##       ##     ## ##     ##       ## ##
     ##       #### ##     ## ######## ########  ##     ##  ######  ########

You're about to initialize a Firebase project in this directory:

  C:\Users\DEEPAYAN\Desktop\connectu\client

[info] 
=== Project Setup
[info] 
[info] First, let's associate this project directory with a Firebase project.
[info] You can create multiple project aliases by running firebase use --add, 
[info] but for now we'll just set up a default project.
[info] 
[debug] [2025-02-09T15:33:04.575Z] Checked if tokens are valid: true, expires at: 1739118060554
[debug] [2025-02-09T15:33:04.575Z] Checked if tokens are valid: true, expires at: 1739118060554
[debug] [2025-02-09T15:33:04.577Z] >>> [apiv2][query] GET https://firebase.googleapis.com/v1beta1/projects pageSize=100
[debug] [2025-02-09T15:33:05.631Z] <<< [apiv2][status] GET https://firebase.googleapis.com/v1beta1/projects 200
[debug] [2025-02-09T15:33:05.632Z] <<< [apiv2][body] GET https://firebase.googleapis.com/v1beta1/projects [omitted]
[info] i  Using project connectu2dworld (connectu) 
[info] 
=== Hosting Setup
[debug] [2025-02-09T15:33:21.388Z] Checked if tokens are valid: true, expires at: 1739118060554
[debug] [2025-02-09T15:33:21.389Z] Checked if tokens are valid: true, expires at: 1739118060554
[debug] [2025-02-09T15:33:21.389Z] >>> [apiv2][query] GET https://firebase.googleapis.com/v1beta1/projects/connectu2dworld [none]
[debug] [2025-02-09T15:33:22.299Z] <<< [apiv2][status] GET https://firebase.googleapis.com/v1beta1/projects/connectu2dworld 200
[debug] [2025-02-09T15:33:22.300Z] <<< [apiv2][body] GET https://firebase.googleapis.com/v1beta1/projects/connectu2dworld {"projectId":"connectu2dworld","projectNumber":"1033797684110","displayName":"connectu","name":"projects/connectu2dworld","resources":{"hostingSite":"connectu2dworld"},"state":"ACTIVE","etag":"1_1eaf3aa8-1184-4ea1-ad7a-e17869776c59"}
[info] 
[info] Your public directory is the folder (relative to your project directory) that
[info] will contain Hosting assets to be uploaded with firebase deploy. If you
[info] have a build process for your assets, use your build's output directory.
[info] 
[debug] [2025-02-09T15:35:36.345Z] ----------------------------------------------------------------------
[debug] [2025-02-09T15:35:36.348Z] Command:       D:\nodejs\node.exe C:\Users\DEEPAYAN\AppData\Roaming\npm\node_modules\firebase-tools\lib\bin\firebase.js init
[debug] [2025-02-09T15:35:36.349Z] CLI Version:   13.30.0
[debug] [2025-02-09T15:35:36.349Z] Platform:      win32
[debug] [2025-02-09T15:35:36.349Z] Node Version:  v22.13.0
[debug] [2025-02-09T15:35:36.350Z] Time:          Sun Feb 09 2025 07:35:36 GMT-0800 (Pacific Standard Time)
[debug] [2025-02-09T15:35:36.350Z] ----------------------------------------------------------------------
[debug] 
[debug] [2025-02-09T15:35:36.360Z] > command requires scopes: ["email","openid","https://www.googleapis.com/auth/cloudplatformprojects.readonly","https://www.googleapis.com/auth/firebase","https://www.googleapis.com/auth/cloud-platform"]
[debug] [2025-02-09T15:35:36.361Z] > authorizing via signed-in user (connectu.contactus@gmail.com)
[info] 
     ######## #### ########  ######## ########     ###     ######  ########
     ##        ##  ##     ## ##       ##     ##  ##   ##  ##       ##
     ######    ##  ########  ######   ########  #########  ######  ######
     ##        ##  ##    ##  ##       ##     ## ##     ##       ## ##
     ##       #### ##     ## ######## ########  ##     ##  ######  ########

You're about to initialize a Firebase project in this directory:

  C:\Users\DEEPAYAN\Desktop\connectu\client

[info] 
=== Project Setup
[info] 
[info] First, let's associate this project directory with a Firebase project.
[info] You can create multiple project aliases by running firebase use --add, 
[info] but for now we'll just set up a default project.
[info] 
[debug] [2025-02-09T15:35:42.357Z] Checked if tokens are valid: true, expires at: 1739118060554
[debug] [2025-02-09T15:35:42.357Z] Checked if tokens are valid: true, expires at: 1739118060554
[debug] [2025-02-09T15:35:42.359Z] >>> [apiv2][query] GET https://firebase.googleapis.com/v1beta1/projects pageSize=100
[debug] [2025-02-09T15:35:43.399Z] <<< [apiv2][status] GET https://firebase.googleapis.com/v1beta1/projects 200
[debug] [2025-02-09T15:35:43.399Z] <<< [apiv2][body] GET https://firebase.googleapis.com/v1beta1/projects [omitted]
[info] i  Using project connectu2dworld (connectu) 
[info] 
=== Hosting Setup
[debug] [2025-02-09T15:35:45.008Z] Checked if tokens are valid: true, expires at: 1739118060554
[debug] [2025-02-09T15:35:45.008Z] Checked if tokens are valid: true, expires at: 1739118060554
[debug] [2025-02-09T15:35:45.008Z] >>> [apiv2][query] GET https://firebase.googleapis.com/v1beta1/projects/connectu2dworld [none]
[debug] [2025-02-09T15:35:45.601Z] <<< [apiv2][status] GET https://firebase.googleapis.com/v1beta1/projects/connectu2dworld 200
[debug] [2025-02-09T15:35:45.601Z] <<< [apiv2][body] GET https://firebase.googleapis.com/v1beta1/projects/connectu2dworld {"projectId":"connectu2dworld","projectNumber":"1033797684110","displayName":"connectu","name":"projects/connectu2dworld","resources":{"hostingSite":"connectu2dworld"},"state":"ACTIVE","etag":"1_1eaf3aa8-1184-4ea1-ad7a-e17869776c59"}
[info] 
[info] Your public directory is the folder (relative to your project directory) that
[info] will contain Hosting assets to be uploaded with firebase deploy. If you
[info] have a build process for your assets, use your build's output directory.
[info] 
[debug] [2025-02-09T15:36:35.648Z] ----------------------------------------------------------------------
[debug] [2025-02-09T15:36:35.651Z] Command:       D:\nodejs\node.exe C:\Users\DEEPAYAN\AppData\Roaming\npm\node_modules\firebase-tools\lib\bin\firebase.js init
[debug] [2025-02-09T15:36:35.652Z] CLI Version:   13.30.0
[debug] [2025-02-09T15:36:35.652Z] Platform:      win32
[debug] [2025-02-09T15:36:35.652Z] Node Version:  v22.13.0
[debug] [2025-02-09T15:36:35.653Z] Time:          Sun Feb 09 2025 07:36:35 GMT-0800 (Pacific Standard Time)
[debug] [2025-02-09T15:36:35.653Z] ----------------------------------------------------------------------
[debug] 
[debug] [2025-02-09T15:36:35.662Z] > command requires scopes: ["email","openid","https://www.googleapis.com/auth/cloudplatformprojects.readonly","https://www.googleapis.com/auth/firebase","https://www.googleapis.com/auth/cloud-platform"]
[debug] [2025-02-09T15:36:35.662Z] > authorizing via signed-in user (connectu.contactus@gmail.com)
[info] 
     ######## #### ########  ######## ########     ###     ######  ########
     ##        ##  ##     ## ##       ##     ##  ##   ##  ##       ##
     ######    ##  ########  ######   ########  #########  ######  ######
     ##        ##  ##    ##  ##       ##     ## ##     ##       ## ##
     ##       #### ##     ## ######## ########  ##     ##  ######  ########

You're about to initialize a Firebase project in this directory:

  C:\Users\DEEPAYAN\Desktop\connectu\client

[info] 
=== Project Setup
[info] 
[info] First, let's associate this project directory with a Firebase project.
[info] You can create multiple project aliases by running firebase use --add, 
[info] but for now we'll just set up a default project.
[info] 
[debug] [2025-02-09T15:36:41.946Z] Checked if tokens are valid: true, expires at: 1739118060554
[debug] [2025-02-09T15:36:41.946Z] Checked if tokens are valid: true, expires at: 1739118060554
[debug] [2025-02-09T15:36:41.949Z] >>> [apiv2][query] GET https://firebase.googleapis.com/v1beta1/projects pageSize=100
[debug] [2025-02-09T15:36:43.034Z] <<< [apiv2][status] GET https://firebase.googleapis.com/v1beta1/projects 200
[debug] [2025-02-09T15:36:43.034Z] <<< [apiv2][body] GET https://firebase.googleapis.com/v1beta1/projects [omitted]
[info] i  Using project connectu2dworld (connectu) 
[info] 
=== Hosting Setup
[debug] [2025-02-09T15:36:43.730Z] Checked if tokens are valid: true, expires at: 1739118060554
[debug] [2025-02-09T15:36:43.731Z] Checked if tokens are valid: true, expires at: 1739118060554
[debug] [2025-02-09T15:36:43.731Z] >>> [apiv2][query] GET https://firebase.googleapis.com/v1beta1/projects/connectu2dworld [none]
[debug] [2025-02-09T15:36:44.318Z] <<< [apiv2][status] GET https://firebase.googleapis.com/v1beta1/projects/connectu2dworld 200
[debug] [2025-02-09T15:36:44.318Z] <<< [apiv2][body] GET https://firebase.googleapis.com/v1beta1/projects/connectu2dworld {"projectId":"connectu2dworld","projectNumber":"1033797684110","displayName":"connectu","name":"projects/connectu2dworld","resources":{"hostingSite":"connectu2dworld"},"state":"ACTIVE","etag":"1_1eaf3aa8-1184-4ea1-ad7a-e17869776c59"}
[info] 
[info] Your public directory is the folder (relative to your project directory) that
[info] will contain Hosting assets to be uploaded with firebase deploy. If you
[info] have a build process for your assets, use your build's output directory.
[info] 
[info] +  Wrote build/404.html 
[debug] [2025-02-09T15:37:50.924Z] >>> [apiv2][query] GET https://www.gstatic.com/firebasejs/releases.json [none]
[debug] [2025-02-09T15:37:51.162Z] <<< [apiv2][status] GET https://www.gstatic.com/firebasejs/releases.json 200
[debug] [2025-02-09T15:37:51.163Z] <<< [apiv2][body] GET https://www.gstatic.com/firebasejs/releases.json {"current":{"version":"11.3.0","browserURL":"https://www.gstatic.com/firebasejs/11.3.0/firebase.js","packageURL":"https://www.gstatic.com/firebasejs/11.3.0/firebase.tgz"},"live":{"version":"11.3","browserURL":"https://www.gstatic.com/firebasejs/live/11.3/firebase.js","packageURL":"https://www.gstatic.com/firebasejs/live/11.3/firebase.tgz"},"components":{"analytics":"https://www.gstatic.com/firebasejs/11.3.0/firebase-analytics.js","app":"https://www.gstatic.com/firebasejs/11.3.0/firebase-app.js","app-check":"https://www.gstatic.com/firebasejs/11.3.0/firebase-app-check.js","auth":"https://www.gstatic.com/firebasejs/11.3.0/firebase-auth.js","auth/cordova":"https://www.gstatic.com/firebasejs/11.3.0/firebase-auth/cordova.js","auth/web-extension":"https://www.gstatic.com/firebasejs/11.3.0/firebase-auth/web-extension.js","functions":"https://www.gstatic.com/firebasejs/11.3.0/firebase-functions.js","firestore":"https://www.gstatic.com/firebasejs/11.3.0/firebase-firestore.js","firestore/lite":"https://www.gstatic.com/firebasejs/11.3.0/firebase-firestore/lite.js","installations":"https://www.gstatic.com/firebasejs/11.3.0/firebase-installations.js","storage":"https://www.gstatic.com/firebasejs/11.3.0/firebase-storage.js","performance":"https://www.gstatic.com/firebasejs/11.3.0/firebase-performance.js","remote-config":"https://www.gstatic.com/firebasejs/11.3.0/firebase-remote-config.js","messaging":"https://www.gstatic.com/firebasejs/11.3.0/firebase-messaging.js","messaging/sw":"https://www.gstatic.com/firebasejs/11.3.0/firebase-messaging/sw.js","database":"https://www.gstatic.com/firebasejs/11.3.0/firebase-database.js","vertexai":"https://www.gstatic.com/firebasejs/11.3.0/firebase-vertexai.js","data-connect":"https://www.gstatic.com/firebasejs/11.3.0/firebase-data-connect.js","firestore.memory":"https://www.gstatic.com/firebasejs/11.3.0/firebase-firestore.memory.js"}}
[info] +  Wrote build/index.html 
[info] 
[info] i  Detected a .git folder at C:\Users\DEEPAYAN\Desktop\connectu 
[info] i  Authorizing with GitHub to upload your service account to a GitHub repository's secrets store. 
[info] 
[info] Visit this URL on this device to log in:
[info] https://github.com/login/oauth/authorize?client_id=89cf50f02ac6aaed3484&state=333049059&redirect_uri=http%3A%2F%2Flocalhost%3A9005&scope=read%3Auser%20repo%20public_repo
[info] 
[info] Waiting for authentication...
[debug] [2025-02-09T15:38:34.682Z] >>> [apiv2][query] POST https://github.com/login/oauth/access_token [none]
[debug] [2025-02-09T15:38:34.683Z] >>> [apiv2][body] POST https://github.com/login/oauth/access_token [stream]
[debug] [2025-02-09T15:38:35.173Z] <<< [apiv2][status] POST https://github.com/login/oauth/access_token 200
[debug] [2025-02-09T15:38:35.173Z] <<< [apiv2][body] POST https://github.com/login/oauth/access_token {"access_token":"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","token_type":"bearer","scope":"read:user,repo"}
[debug] [2025-02-09T15:38:35.182Z] >>> [apiv2][query] GET https://api.github.com/user [none]
[debug] [2025-02-09T15:38:35.727Z] <<< [apiv2][status] GET https://api.github.com/user 200
[debug] [2025-02-09T15:38:35.727Z] <<< [apiv2][body] GET https://api.github.com/user {"login":"dbasu03","id":116761602,"node_id":"U_kgDOBvWkAg","avatar_url":"https://avatars.githubusercontent.com/u/116761602?v=4","gravatar_id":"","url":"https://api.github.com/users/dbasu03","html_url":"https://github.com/dbasu03","followers_url":"https://api.github.com/users/dbasu03/followers","following_url":"https://api.github.com/users/dbasu03/following{/other_user}","gists_url":"https://api.github.com/users/dbasu03/gists{/gist_id}","starred_url":"https://api.github.com/users/dbasu03/starred{/owner}{/repo}","subscriptions_url":"https://api.github.com/users/dbasu03/subscriptions","organizations_url":"https://api.github.com/users/dbasu03/orgs","repos_url":"https://api.github.com/users/dbasu03/repos","events_url":"https://api.github.com/users/dbasu03/events{/privacy}","received_events_url":"https://api.github.com/users/dbasu03/received_events","type":"User","user_view_type":"private","site_admin":false,"name":null,"company":null,"blog":"","location":null,"email":null,"hireable":null,"bio":"I am a pre-final year ECE student at Jadavpur University interested in Development and ML.","twitter_username":null,"notification_email":null,"public_repos":32,"public_gists":0,"followers":0,"following":0,"created_at":"2022-10-26T20:03:56Z","updated_at":"2025-01-26T11:27:33Z","private_gists":0,"total_private_repos":5,"owned_private_repos":5,"disk_usage":76398,"collaborators":0,"two_factor_authentication":false,"plan":{"name":"free","space":976562499,"collaborators":0,"private_repos":10000}}
[info] 
[info] +  Success! Logged into GitHub as dbasu03 
[info] 
